<?xml version="1.0" encoding="UTF-8"?>
<coverage generated="1723432133245" clover="3.2.0">
  <project timestamp="1723432133245" name="All files">
    <metrics statements="27" coveredstatements="27" conditionals="2" coveredconditionals="2" methods="2" coveredmethods="2" elements="31" coveredelements="31" complexity="0" loc="27" ncloc="27" packages="1" files="2" classes="2"/>
    <file name="agent.ts" path="/home/wsl/Forta_Bots_Challenges/Challenge-1/src/agent.ts">
      <metrics statements="23" coveredstatements="23" conditionals="2" coveredconditionals="2" methods="2" coveredmethods="2"/>
      <line num="1" count="1" type="stmt"/>
      <line num="4" count="1" type="stmt"/>
      <line num="12" count="1" type="stmt"/>
      <line num="18" count="2" type="stmt"/>
      <line num="19" count="6" type="stmt"/>
      <line num="22" count="6" type="stmt"/>
      <line num="24" count="6" type="stmt"/>
      <line num="27" count="6" type="stmt"/>
      <line num="29" count="4" type="stmt"/>
      <line num="30" count="4" type="stmt"/>
      <line num="31" count="4" type="stmt"/>
      <line num="32" count="4" type="stmt"/>
      <line num="35" count="4" type="cond" truecount="1" falsecount="0"/>
      <line num="36" count="3" type="stmt"/>
      <line num="54" count="6" type="stmt"/>
      <line num="55" count="1" type="stmt"/>
      <line num="56" count="1" type="stmt"/>
      <line num="57" count="1" type="stmt"/>
      <line num="58" count="1" type="stmt"/>
      <line num="61" count="1" type="cond" truecount="1" falsecount="0"/>
      <line num="62" count="1" type="stmt"/>
      <line num="81" count="6" type="stmt"/>
      <line num="85" count="1" type="stmt"/>
    </file>
    <file name="constants.ts" path="/home/wsl/Forta_Bots_Challenges/Challenge-1/src/constants.ts">
      <metrics statements="4" coveredstatements="4" conditionals="0" coveredconditionals="0" methods="0" coveredmethods="0"/>
      <line num="1" count="1" type="stmt"/>
      <line num="4" count="1" type="stmt"/>
      <line num="6" count="1" type="stmt"/>
      <line num="8" count="1" type="stmt"/>
    </file>
  </project>
</coverage>
