{"/home/wsl/Forta_Bots_Challenges/Challenge-1/src/agent.ts": {"path":"/home/wsl/Forta_Bots_Challenges/Challenge-1/src/agent.ts","statementMap":{"0":{"start":{"line":1,"column":0},"end":{"line":1,"column":105}},"1":{"start":{"line":4,"column":0},"end":{"line":4,"column":null}},"2":{"start":{"line":18,"column":2},"end":{"line":82,"column":4}},"3":{"start":{"line":19,"column":10},"end":{"line":19,"column":34}},"4":{"start":{"line":22,"column":10},"end":{"line":22,"column":88}},"5":{"start":{"line":24,"column":10},"end":{"line":24,"column":84}},"6":{"start":{"line":27,"column":4},"end":{"line":52,"column":null}},"7":{"start":{"line":27,"column":13},"end":{"line":27,"column":30}},"8":{"start":{"line":29,"column":12},"end":{"line":29,"column":60}},"9":{"start":{"line":30,"column":12},"end":{"line":30,"column":64}},"10":{"start":{"line":31,"column":12},"end":{"line":31,"column":51}},"11":{"start":{"line":32,"column":12},"end":{"line":32,"column":30}},"12":{"start":{"line":35,"column":6},"end":{"line":51,"column":null}},"13":{"start":{"line":36,"column":8},"end":{"line":50,"column":10}},"14":{"start":{"line":54,"column":4},"end":{"line":79,"column":null}},"15":{"start":{"line":54,"column":13},"end":{"line":54,"column":28}},"16":{"start":{"line":55,"column":12},"end":{"line":55,"column":30}},"17":{"start":{"line":56,"column":12},"end":{"line":56,"column":58}},"18":{"start":{"line":57,"column":12},"end":{"line":57,"column":62}},"19":{"start":{"line":58,"column":12},"end":{"line":58,"column":49}},"20":{"start":{"line":61,"column":6},"end":{"line":78,"column":null}},"21":{"start":{"line":62,"column":8},"end":{"line":77,"column":10}},"22":{"start":{"line":81,"column":4},"end":{"line":81,"column":19}},"23":{"start":{"line":12,"column":0},"end":{"line":12,"column":16}},"24":{"start":{"line":85,"column":0},"end":{"line":93,"column":2}}},"fnMap":{"0":{"name":"provideTransaction","decl":{"start":{"line":12,"column":16},"end":{"line":12,"column":34}},"loc":{"start":{"line":16,"column":35},"end":{"line":83,"column":1}}},"1":{"name":"handleTransaction","decl":{"start":{"line":18,"column":24},"end":{"line":18,"column":41}},"loc":{"start":{"line":18,"column":62},"end":{"line":82,"column":4}}}},"branchMap":{"0":{"loc":{"start":{"line":35,"column":6},"end":{"line":51,"column":null}},"type":"if","locations":[{"start":{"line":35,"column":6},"end":{"line":51,"column":null}}]},"1":{"loc":{"start":{"line":61,"column":6},"end":{"line":78,"column":null}},"type":"if","locations":[{"start":{"line":61,"column":6},"end":{"line":78,"column":null}}]}},"s":{"0":1,"1":1,"2":2,"3":6,"4":6,"5":6,"6":6,"7":4,"8":4,"9":4,"10":4,"11":4,"12":4,"13":3,"14":6,"15":1,"16":1,"17":1,"18":1,"19":1,"20":1,"21":1,"22":6,"23":1,"24":1},"f":{"0":2,"1":6},"b":{"0":[3],"1":[1]}}
,"/home/wsl/Forta_Bots_Challenges/Challenge-1/src/constants.ts": {"path":"/home/wsl/Forta_Bots_Challenges/Challenge-1/src/constants.ts","statementMap":{"0":{"start":{"line":1,"column":13},"end":{"line":2,"column":88}},"1":{"start":{"line":4,"column":13},"end":{"line":4,"column":112}},"2":{"start":{"line":6,"column":13},"end":{"line":6,"column":79}},"3":{"start":{"line":8,"column":13},"end":{"line":8,"column":88}}},"fnMap":{},"branchMap":{},"s":{"0":1,"1":1,"2":1,"3":1},"f":{},"b":{}}
}
