<?xml version="1.0" ?>
<!DOCTYPE coverage SYSTEM "http://cobertura.sourceforge.net/xml/coverage-04.dtd">
<coverage lines-valid="41" lines-covered="41" line-rate="1" branches-valid="2" branches-covered="2" branch-rate="1" timestamp="1723438867867" complexity="0" version="0.1">
  <sources>
    <source>/home/wsl/Forta_Bots_Challenges/Challenge-2</source>
  </sources>
  <packages>
    <package name="main" line-rate="1" branch-rate="1">
      <classes>
        <class name="agent.ts" filename="src/agent.ts" line-rate="1" branch-rate="1">
          <methods>
            <method name="provideInitialize" hits="1" signature="()V">
              <lines>
                <line number="16" hits="1"/>
              </lines>
            </method>
            <method name="provideHandleTransaction" hits="2" signature="()V">
              <lines>
                <line number="20" hits="2"/>
              </lines>
            </method>
            <method name="handleTransaction" hits="7" signature="()V">
              <lines>
                <line number="25" hits="7"/>
              </lines>
            </method>
            <method name="(anonymous_19)" hits="10" signature="()V">
              <lines>
                <line number="33" hits="10"/>
              </lines>
            </method>
            <method name="(anonymous_20)" hits="10" signature="()V">
              <lines>
                <line number="33" hits="10"/>
              </lines>
            </method>
          </methods>
          <lines>
            <line number="1" hits="1" branch="false"/>
            <line number="10" hits="1" branch="false"/>
            <line number="11" hits="1" branch="false"/>
            <line number="16" hits="1" branch="false"/>
            <line number="17" hits="1" branch="false"/>
            <line number="20" hits="1" branch="false"/>
            <line number="25" hits="2" branch="false"/>
            <line number="26" hits="7" branch="false"/>
            <line number="29" hits="7" branch="false"/>
            <line number="32" hits="14" branch="false"/>
            <line number="33" hits="10" branch="false"/>
            <line number="34" hits="10" branch="false"/>
            <line number="35" hits="10" branch="false"/>
            <line number="38" hits="10" branch="false"/>
            <line number="45" hits="10" branch="true" condition-coverage="100% (1/1)"/>
            <line number="47" hits="7" branch="false"/>
            <line number="70" hits="7" branch="false"/>
            <line number="74" hits="1" branch="false"/>
          </lines>
        </class>
        <class name="constants.ts" filename="src/constants.ts" line-rate="1" branch-rate="1">
          <methods>
          </methods>
          <lines>
            <line number="1" hits="2" branch="false"/>
            <line number="3" hits="2" branch="false"/>
            <line number="8" hits="2" branch="false"/>
            <line number="14" hits="2" branch="false"/>
            <line number="16" hits="2" branch="false"/>
          </lines>
        </class>
        <class name="helper.ts" filename="src/helper.ts" line-rate="1" branch-rate="1">
          <methods>
            <method name="(anonymous_13)" hits="2" signature="()V">
              <lines>
                <line number="5" hits="2"/>
              </lines>
            </method>
            <method name="Helper" hits="3" signature="()V">
              <lines>
                <line number="9" hits="3"/>
              </lines>
            </method>
            <method name="(anonymous_15)" hits="5" signature="()V">
              <lines>
                <line number="15" hits="5"/>
              </lines>
            </method>
            <method name="(anonymous_16)" hits="12" signature="()V">
              <lines>
                <line number="33" hits="12"/>
              </lines>
            </method>
          </methods>
          <lines>
            <line number="1" hits="2" branch="false"/>
            <line number="2" hits="2" branch="false"/>
            <line number="3" hits="2" branch="false"/>
            <line number="5" hits="2" branch="false"/>
            <line number="10" hits="3" branch="false"/>
            <line number="15" hits="2" branch="false"/>
            <line number="22" hits="5" branch="false"/>
            <line number="33" hits="2" branch="false"/>
            <line number="40" hits="12" branch="false"/>
            <line number="41" hits="12" branch="true" condition-coverage="100% (1/1)"/>
            <line number="42" hits="8" branch="false"/>
            <line number="45" hits="4" branch="false"/>
            <line number="46" hits="4" branch="false"/>
            <line number="51" hits="4" branch="false"/>
            <line number="53" hits="4" branch="false"/>
            <line number="54" hits="4" branch="false"/>
            <line number="55" hits="4" branch="false"/>
            <line number="57" hits="2" branch="false"/>
          </lines>
        </class>
      </classes>
    </package>
  </packages>
</coverage>
